<?xml version="1.0" encoding="UTF-8"?>
<testsuite xmlns:xsi="http://www.w3.org/2001/XMLSchema-instance" xsi:noNamespaceSchemaLocation="https://maven.apache.org/surefire/maven-surefire-plugin/xsd/surefire-test-report-3.0.xsd" version="3.0" name="com.payment.mcp.JsonRpcHandlerTest" time="1.011" tests="6" errors="0" skipped="0" failures="0">
  <properties>
[...]
</properties>
  <testcase name="testCreatePayment" classname="com.payment.mcp.JsonRpcHandlerTest" time="0.346">
    <system-out><![CDATA[16:35:26.258 [main] INFO org.springframework.test.context.support.AnnotationConfigContextLoaderUtils -- Could not detect default configuration classes for test class [com.payment.mcp.JsonRpcHandlerTest]: JsonRpcHandlerTest does not declare any static, non-private, non-final, nested classes annotated with @Configuration.
16:35:26.291 [main] INFO org.springframework.boot.test.context.SpringBootTestContextBootstrapper -- Found @SpringBootConfiguration com.payment.mcp.McpServerApplication for test class com.payment.mcp.JsonRpcHandlerTest

  .   ____          _            __ _ _
 /\\ / ___'_ __ _ _(_)_ __  __ _ \ \ \ \
( ( )\___ | '_ | '_| | '_ \/ _` | \ \ \ \
 \\/  ___)| |_)| | | | | || (_| |  ) ) ) )
  '  |____| .__|_| |_|_| |_\__, | / / / /
 =========|_|==============|___/=/_/_/_/
 :: Spring Boot ::                (v3.2.4)

2026-03-15T16:35:26.465+08:00  INFO 30455 --- [payment-mcp-mvp] [           main] com.payment.mcp.JsonRpcHandlerTest       : Starting JsonRpcHandlerTest using Java 17.0.18 with PID 30455 (started by zhouzhenjiang in /Users/zhouzhenjiang/workspace/payment-mcp-mvp)
2026-03-15T16:35:26.466+08:00 DEBUG 30455 --- [payment-mcp-mvp] [           main] com.payment.mcp.JsonRpcHandlerTest       : Running with Spring Boot v3.2.4, Spring v6.1.5
2026-03-15T16:35:26.466+08:00  INFO 30455 --- [payment-mcp-mvp] [           main] com.payment.mcp.JsonRpcHandlerTest       : No active profile set, falling back to 1 default profile: "default"
2026-03-15T16:35:26.843+08:00  INFO 30455 --- [payment-mcp-mvp] [           main] com.payment.mcp.JsonRpcHandlerTest       : Started JsonRpcHandlerTest in 0.511 seconds (process running for 0.814)
2026-03-15T16:35:27.184+08:00 DEBUG 30455 --- [payment-mcp-mvp] [           main] c.payment.mcp.protocol.JsonRpcHandler    : Handling method: tools/call
2026-03-15T16:35:27.185+08:00  INFO 30455 --- [payment-mcp-mvp] [           main] c.payment.mcp.protocol.JsonRpcHandler    : Tool call: create_payment with args: {amount=100.0, order_id=ORD20260311001, payment_method=alipay, user_id=user_123, currency=CNY}
2026-03-15T16:35:27.185+08:00  INFO 30455 --- [payment-mcp-mvp] [           main] c.payment.mcp.tools.CreatePaymentTool    : Create payment: order=ORD20260311001, amount=100.0, method=alipay, user=user_123
]]></system-out>
  </testcase>
  <testcase name="testInitialize" classname="com.payment.mcp.JsonRpcHandlerTest" time="0.002">
    <system-out><![CDATA[2026-03-15T16:35:27.197+08:00 DEBUG 30455 --- [payment-mcp-mvp] [           main] c.payment.mcp.protocol.JsonRpcHandler    : Handling method: initialize
2026-03-15T16:35:27.197+08:00  INFO 30455 --- [payment-mcp-mvp] [           main] c.payment.mcp.protocol.JsonRpcHandler    : Initialize request from client
]]></system-out>
  </testcase>
  <testcase name="testToolsList" classname="com.payment.mcp.JsonRpcHandlerTest" time="0.001">
    <system-out><![CDATA[2026-03-15T16:35:27.199+08:00 DEBUG 30455 --- [payment-mcp-mvp] [           main] c.payment.mcp.protocol.JsonRpcHandler    : Handling method: tools/list
2026-03-15T16:35:27.199+08:00  INFO 30455 --- [payment-mcp-mvp] [           main] c.payment.mcp.protocol.JsonRpcHandler    : Tools list requested
]]></system-out>
  </testcase>
  <testcase name="testInvalidMethod" classname="com.payment.mcp.JsonRpcHandlerTest" time="0.001">
    <system-out><![CDATA[2026-03-15T16:35:27.200+08:00 DEBUG 30455 --- [payment-mcp-mvp] [           main] c.payment.mcp.protocol.JsonRpcHandler    : Handling method: unknown_method
]]></system-out>
  </testcase>
  <testcase name="testInvalidJsonRpcVersion" classname="com.payment.mcp.JsonRpcHandlerTest" time="0.0">
    <system-out><![CDATA[2026-03-15T16:35:27.202+08:00 DEBUG 30455 --- [payment-mcp-mvp] [           main] c.payment.mcp.protocol.JsonRpcHandler    : Handling method: initialize
]]></system-out>
  </testcase>
  <testcase name="testQueryBalance" classname="com.payment.mcp.JsonRpcHandlerTest" time="0.001">
    <system-out><![CDATA[2026-03-15T16:35:27.203+08:00 DEBUG 30455 --- [payment-mcp-mvp] [           main] c.payment.mcp.protocol.JsonRpcHandler    : Handling method: tools/call
2026-03-15T16:35:27.203+08:00  INFO 30455 --- [payment-mcp-mvp] [           main] c.payment.mcp.protocol.JsonRpcHandler    : Tool call: query_balance with args: {user_id=user_123, account_type=BALANCE}
2026-03-15T16:35:27.204+08:00  INFO 30455 --- [payment-mcp-mvp] [           main] com.payment.mcp.tools.QueryBalanceTool   : Query balance for user: user_123, account: BALANCE
]]></system-out>
  </testcase>
</testsuite>